2018-03-11T06:28:05+00:00 ERR (3): 
Zend_Mail_Transport_Exception: Unable to send mail. mail(): Failed to connect to mailserver at &quot;localhost&quot; port 25, verify your &quot;SMTP&quot; and &quot;smtp_port&quot; setting in php.ini or use ini_set() in D:\xampp\htdocs\ultimo1\lib\Zend\Mail\Transport\Sendmail.php:142
Stack trace:
#0 D:\xampp\htdocs\ultimo1\lib\Zend\Mail\Transport\Abstract.php(348): Zend_Mail_Transport_Sendmail->_sendMail()
#1 D:\xampp\htdocs\ultimo1\lib\Zend\Mail.php(1194): Zend_Mail_Transport_Abstract->send(Object(Zend_Mail))
#2 D:\xampp\htdocs\ultimo1\app\code\core\Mage\Core\Model\Email\Template.php(452): Zend_Mail->send()
#3 D:\xampp\htdocs\ultimo1\app\code\core\Mage\Core\Model\Email\Template.php(509): Mage_Core_Model_Email_Template->send('test@163.com', Array, Array)
#4 D:\xampp\htdocs\ultimo1\app\code\core\Mage\Core\Model\Email\Template\Mailer.php(83): Mage_Core_Model_Email_Template->sendTransactional('customer_create...', 'general', Array, Array, Array, '1')
#5 D:\xampp\htdocs\ultimo1\app\code\core\Mage\Customer\Model\Customer.php(714): Mage_Core_Model_Email_Template_Mailer->send()
#6 D:\xampp\htdocs\ultimo1\app\code\core\Mage\Customer\Model\Customer.php(619): Mage_Customer_Model_Customer->_sendEmailTemplate('customer/create...', 'customer/create...', Array, '1')
#7 D:\xampp\htdocs\ultimo1\app\code\core\Mage\Checkout\Model\Type\Onepage.php(786): Mage_Customer_Model_Customer->sendNewAccountEmail('registered', '', '1')
#8 D:\xampp\htdocs\ultimo1\app\code\core\Mage\Checkout\Model\Type\Onepage.php(819): Mage_Checkout_Model_Type_Onepage->_involveNewCustomer()
#9 D:\xampp\htdocs\ultimo1\app\code\core\Mage\Checkout\controllers\OnepageController.php(578): Mage_Checkout_Model_Type_Onepage->saveOrder()
#10 D:\xampp\htdocs\ultimo1\app\code\core\Mage\Core\Controller\Varien\Action.php(418): Mage_Checkout_OnepageController->saveOrderAction()
#11 D:\xampp\htdocs\ultimo1\app\code\core\Mage\Core\Controller\Varien\Router\Standard.php(254): Mage_Core_Controller_Varien_Action->dispatch('saveOrder')
#12 D:\xampp\htdocs\ultimo1\app\code\core\Mage\Core\Controller\Varien\Front.php(172): Mage_Core_Controller_Varien_Router_Standard->match(Object(Mage_Core_Controller_Request_Http))
#13 D:\xampp\htdocs\ultimo1\app\code\core\Mage\Core\Model\App.php(365): Mage_Core_Controller_Varien_Front->dispatch()
#14 D:\xampp\htdocs\ultimo1\app\Mage.php(683): Mage_Core_Model_App->run(Array)
#15 D:\xampp\htdocs\ultimo1\index.php(83): Mage::run('', 'store')
#16 {main}
2018-03-11T06:49:36+00:00 ERR (3): 
Zend_Mail_Transport_Exception: Unable to send mail. mail(): Failed to connect to mailserver at &quot;localhost&quot; port 25, verify your &quot;SMTP&quot; and &quot;smtp_port&quot; setting in php.ini or use ini_set() in D:\xampp\htdocs\ultimo1\lib\Zend\Mail\Transport\Sendmail.php:142
Stack trace:
#0 D:\xampp\htdocs\ultimo1\lib\Zend\Mail\Transport\Abstract.php(348): Zend_Mail_Transport_Sendmail->_sendMail()
#1 D:\xampp\htdocs\ultimo1\lib\Zend\Mail.php(1194): Zend_Mail_Transport_Abstract->send(Object(Zend_Mail))
#2 D:\xampp\htdocs\ultimo1\app\code\core\Mage\Core\Model\Email\Template.php(452): Zend_Mail->send()
#3 D:\xampp\htdocs\ultimo1\app\code\core\Mage\Core\Model\Email\Template.php(509): Mage_Core_Model_Email_Template->send('abcdef@163.com', Array, Array)
#4 D:\xampp\htdocs\ultimo1\app\code\core\Mage\Core\Model\Email\Template\Mailer.php(83): Mage_Core_Model_Email_Template->sendTransactional('customer_create...', 'general', Array, Array, Array, '1')
#5 D:\xampp\htdocs\ultimo1\app\code\core\Mage\Customer\Model\Customer.php(714): Mage_Core_Model_Email_Template_Mailer->send()
#6 D:\xampp\htdocs\ultimo1\app\code\core\Mage\Customer\Model\Customer.php(619): Mage_Customer_Model_Customer->_sendEmailTemplate('customer/create...', 'customer/create...', Array, '1')
#7 D:\xampp\htdocs\ultimo1\app\code\core\Mage\Checkout\Model\Type\Onepage.php(786): Mage_Customer_Model_Customer->sendNewAccountEmail('registered', '', '1')
#8 D:\xampp\htdocs\ultimo1\app\code\core\Mage\Checkout\Model\Type\Onepage.php(819): Mage_Checkout_Model_Type_Onepage->_involveNewCustomer()
#9 D:\xampp\htdocs\ultimo1\app\code\core\Mage\Checkout\controllers\OnepageController.php(578): Mage_Checkout_Model_Type_Onepage->saveOrder()
#10 D:\xampp\htdocs\ultimo1\app\code\core\Mage\Core\Controller\Varien\Action.php(418): Mage_Checkout_OnepageController->saveOrderAction()
#11 D:\xampp\htdocs\ultimo1\app\code\core\Mage\Core\Controller\Varien\Router\Standard.php(254): Mage_Core_Controller_Varien_Action->dispatch('saveOrder')
#12 D:\xampp\htdocs\ultimo1\app\code\core\Mage\Core\Controller\Varien\Front.php(172): Mage_Core_Controller_Varien_Router_Standard->match(Object(Mage_Core_Controller_Request_Http))
#13 D:\xampp\htdocs\ultimo1\app\code\core\Mage\Core\Model\App.php(365): Mage_Core_Controller_Varien_Front->dispatch()
#14 D:\xampp\htdocs\ultimo1\app\Mage.php(683): Mage_Core_Model_App->run(Array)
#15 D:\xampp\htdocs\ultimo1\index.php(83): Mage::run('', 'store')
#16 {main}
2018-03-11T07:23:58+00:00 ERR (3): 
Zend_Mail_Transport_Exception: Unable to send mail. mail(): Failed to connect to mailserver at &quot;localhost&quot; port 25, verify your &quot;SMTP&quot; and &quot;smtp_port&quot; setting in php.ini or use ini_set() in D:\xampp\htdocs\ultimo1\lib\Zend\Mail\Transport\Sendmail.php:142
Stack trace:
#0 D:\xampp\htdocs\ultimo1\lib\Zend\Mail\Transport\Abstract.php(348): Zend_Mail_Transport_Sendmail->_sendMail()
#1 D:\xampp\htdocs\ultimo1\lib\Zend\Mail.php(1194): Zend_Mail_Transport_Abstract->send(Object(Zend_Mail))
#2 D:\xampp\htdocs\ultimo1\app\code\core\Mage\Core\Model\Email\Template.php(452): Zend_Mail->send()
#3 D:\xampp\htdocs\ultimo1\app\code\core\Mage\Core\Model\Email\Template.php(509): Mage_Core_Model_Email_Template->send('teddy@gzeh.com', Array, Array)
#4 D:\xampp\htdocs\ultimo1\app\code\core\Mage\Core\Model\Email\Template\Mailer.php(83): Mage_Core_Model_Email_Template->sendTransactional('vendors_create_...', 'general', Array, Array, Array, '1')
#5 D:\xampp\htdocs\ultimo1\app\code\local\VES\Vendors\Model\Vendor.php(223): Mage_Core_Model_Email_Template_Mailer->send()
#6 D:\xampp\htdocs\ultimo1\app\code\local\VES\Vendors\Model\Vendor.php(198): VES_Vendors_Model_Vendor->_sendEmailTemplate('vendors/create_...', 'vendors/create_...', Array, '1')
#7 D:\xampp\htdocs\ultimo1\app\code\local\VES\Vendors\controllers\Adminhtml\VendorsController.php(111): VES_Vendors_Model_Vendor->sendNewAccountEmail('registered', '', '1')
#8 D:\xampp\htdocs\ultimo1\app\code\core\Mage\Core\Controller\Varien\Action.php(418): VES_Vendors_Adminhtml_VendorsController->saveAction()
#9 D:\xampp\htdocs\ultimo1\app\code\core\Mage\Core\Controller\Varien\Router\Standard.php(254): Mage_Core_Controller_Varien_Action->dispatch('save')
#10 D:\xampp\htdocs\ultimo1\app\code\core\Mage\Core\Controller\Varien\Front.php(172): Mage_Core_Controller_Varien_Router_Standard->match(Object(Mage_Core_Controller_Request_Http))
#11 D:\xampp\htdocs\ultimo1\app\code\core\Mage\Core\Model\App.php(365): Mage_Core_Controller_Varien_Front->dispatch()
#12 D:\xampp\htdocs\ultimo1\app\Mage.php(683): Mage_Core_Model_App->run(Array)
#13 D:\xampp\htdocs\ultimo1\index.php(83): Mage::run('', 'store')
#14 {main}
2018-03-11T07:24:00+00:00 ERR (3): 
Zend_Mail_Transport_Exception: Unable to send mail. mail(): Failed to connect to mailserver at &quot;localhost&quot; port 25, verify your &quot;SMTP&quot; and &quot;smtp_port&quot; setting in php.ini or use ini_set() in D:\xampp\htdocs\ultimo1\lib\Zend\Mail\Transport\Sendmail.php:142
Stack trace:
#0 D:\xampp\htdocs\ultimo1\lib\Zend\Mail\Transport\Abstract.php(348): Zend_Mail_Transport_Sendmail->_sendMail()
#1 D:\xampp\htdocs\ultimo1\lib\Zend\Mail.php(1194): Zend_Mail_Transport_Abstract->send(Object(Zend_Mail))
#2 D:\xampp\htdocs\ultimo1\app\code\core\Mage\Core\Model\Email\Template.php(452): Zend_Mail->send()
#3 D:\xampp\htdocs\ultimo1\app\code\core\Mage\Core\Model\Email\Template.php(509): Mage_Core_Model_Email_Template->send('teddy@gzeh.com', Array, Array)
#4 D:\xampp\htdocs\ultimo1\app\code\core\Mage\Core\Model\Email\Template\Mailer.php(83): Mage_Core_Model_Email_Template->sendTransactional('vendors_create_...', 'general', Array, Array, Array, '1')
#5 D:\xampp\htdocs\ultimo1\app\code\local\VES\Vendors\Model\Vendor.php(223): Mage_Core_Model_Email_Template_Mailer->send()
#6 D:\xampp\htdocs\ultimo1\app\code\local\VES\Vendors\Model\Vendor.php(198): VES_Vendors_Model_Vendor->_sendEmailTemplate('vendors/create_...', 'vendors/create_...', Array, '1')
#7 D:\xampp\htdocs\ultimo1\app\code\local\VES\Vendors\Model\Observer.php(48): VES_Vendors_Model_Vendor->sendNewAccountEmail('active')
#8 D:\xampp\htdocs\ultimo1\app\code\core\Mage\Core\Model\App.php(1358): VES_Vendors_Model_Observer->adminhtml_vendor_save_after(Object(Varien_Event_Observer))
#9 D:\xampp\htdocs\ultimo1\app\code\core\Mage\Core\Model\App.php(1337): Mage_Core_Model_App->_callObserverMethod(Object(VES_Vendors_Model_Observer), 'adminhtml_vendo...', Object(Varien_Event_Observer))
#10 D:\xampp\htdocs\ultimo1\app\Mage.php(448): Mage_Core_Model_App->dispatchEvent('adminhtml_vendo...', Array)
#11 D:\xampp\htdocs\ultimo1\app\code\local\VES\Vendors\controllers\Adminhtml\VendorsController.php(122): Mage::dispatchEvent('adminhtml_vendo...', Array)
#12 D:\xampp\htdocs\ultimo1\app\code\core\Mage\Core\Controller\Varien\Action.php(418): VES_Vendors_Adminhtml_VendorsController->saveAction()
#13 D:\xampp\htdocs\ultimo1\app\code\core\Mage\Core\Controller\Varien\Router\Standard.php(254): Mage_Core_Controller_Varien_Action->dispatch('save')
#14 D:\xampp\htdocs\ultimo1\app\code\core\Mage\Core\Controller\Varien\Front.php(172): Mage_Core_Controller_Varien_Router_Standard->match(Object(Mage_Core_Controller_Request_Http))
#15 D:\xampp\htdocs\ultimo1\app\code\core\Mage\Core\Model\App.php(365): Mage_Core_Controller_Varien_Front->dispatch()
#16 D:\xampp\htdocs\ultimo1\app\Mage.php(683): Mage_Core_Model_App->run(Array)
#17 D:\xampp\htdocs\ultimo1\index.php(83): Mage::run('', 'store')
#18 {main}
2018-03-11T08:18:31+00:00 ERR (3): 
Zend_Mail_Transport_Exception: Unable to send mail. mail(): Failed to connect to mailserver at &quot;localhost&quot; port 25, verify your &quot;SMTP&quot; and &quot;smtp_port&quot; setting in php.ini or use ini_set() in D:\xampp\htdocs\ultimo1\lib\Zend\Mail\Transport\Sendmail.php:142
Stack trace:
#0 D:\xampp\htdocs\ultimo1\lib\Zend\Mail\Transport\Abstract.php(348): Zend_Mail_Transport_Sendmail->_sendMail()
#1 D:\xampp\htdocs\ultimo1\lib\Zend\Mail.php(1194): Zend_Mail_Transport_Abstract->send(Object(Zend_Mail))
#2 D:\xampp\htdocs\ultimo1\app\code\core\Mage\Core\Model\Email\Template.php(452): Zend_Mail->send()
#3 D:\xampp\htdocs\ultimo1\app\code\core\Mage\Core\Model\Email\Template.php(509): Mage_Core_Model_Email_Template->send('teddy@gzeh.com', Array, Array)
#4 D:\xampp\htdocs\ultimo1\app\code\core\Mage\Core\Model\Email\Template\Mailer.php(83): Mage_Core_Model_Email_Template->sendTransactional('vendors_sales_o...', 'general', Array, Array, Array, NULL)
#5 D:\xampp\htdocs\ultimo1\app\code\local\VES\VendorsSales\Helper\Data.php(139): Mage_Core_Model_Email_Template_Mailer->send()
#6 D:\xampp\htdocs\ultimo1\app\code\local\VES\VendorsSales\Helper\Data.php(76): VES_VendorsSales_Helper_Data->_sendEmailTemplate('vendors/sales/o...', 'vendors/sales/e...', Array, NULL, Object(VES_Vendors_Model_Vendor))
#7 D:\xampp\htdocs\ultimo1\app\code\local\VES\VendorsSales\Model\Observer.php(11): VES_VendorsSales_Helper_Data->sendNewOrderEmail(Object(Mage_Sales_Model_Order))
#8 D:\xampp\htdocs\ultimo1\app\code\core\Mage\Core\Model\App.php(1358): VES_VendorsSales_Model_Observer->checkout_submit_all_after(Object(Varien_Event_Observer))
#9 D:\xampp\htdocs\ultimo1\app\code\core\Mage\Core\Model\App.php(1337): Mage_Core_Model_App->_callObserverMethod(Object(VES_VendorsSales_Model_Observer), 'checkout_submit...', Object(Varien_Event_Observer))
#10 D:\xampp\htdocs\ultimo1\app\Mage.php(448): Mage_Core_Model_App->dispatchEvent('checkout_submit...', Array)
#11 D:\xampp\htdocs\ultimo1\app\code\core\Mage\Checkout\Model\Type\Onepage.php(875): Mage::dispatchEvent('checkout_submit...', Array)
#12 D:\xampp\htdocs\ultimo1\app\code\local\VES\VendorsCheckout\Model\Checkout\Type\Onepage.php(333): Mage_Checkout_Model_Type_Onepage->saveOrder()
#13 D:\xampp\htdocs\ultimo1\app\code\core\Mage\Checkout\controllers\OnepageController.php(578): VES_VendorsCheckout_Model_Checkout_Type_Onepage->saveOrder()
#14 D:\xampp\htdocs\ultimo1\app\code\core\Mage\Core\Controller\Varien\Action.php(418): Mage_Checkout_OnepageController->saveOrderAction()
#15 D:\xampp\htdocs\ultimo1\app\code\core\Mage\Core\Controller\Varien\Router\Standard.php(254): Mage_Core_Controller_Varien_Action->dispatch('saveOrder')
#16 D:\xampp\htdocs\ultimo1\app\code\core\Mage\Core\Controller\Varien\Front.php(172): Mage_Core_Controller_Varien_Router_Standard->match(Object(Mage_Core_Controller_Request_Http))
#17 D:\xampp\htdocs\ultimo1\app\code\core\Mage\Core\Model\App.php(365): Mage_Core_Controller_Varien_Front->dispatch()
#18 D:\xampp\htdocs\ultimo1\app\Mage.php(683): Mage_Core_Model_App->run(Array)
#19 D:\xampp\htdocs\ultimo1\index.php(83): Mage::run('', 'store')
#20 {main}
2018-03-11T08:46:49+00:00 ERR (3): 
Zend_Mail_Transport_Exception: Unable to send mail. mail(): Failed to connect to mailserver at &quot;localhost&quot; port 25, verify your &quot;SMTP&quot; and &quot;smtp_port&quot; setting in php.ini or use ini_set() in D:\xampp\htdocs\ultimo1\lib\Zend\Mail\Transport\Sendmail.php:142
Stack trace:
#0 D:\xampp\htdocs\ultimo1\lib\Zend\Mail\Transport\Abstract.php(348): Zend_Mail_Transport_Sendmail->_sendMail()
#1 D:\xampp\htdocs\ultimo1\lib\Zend\Mail.php(1194): Zend_Mail_Transport_Abstract->send(Object(Zend_Mail))
#2 D:\xampp\htdocs\ultimo1\app\code\core\Mage\Core\Model\Email\Template.php(452): Zend_Mail->send()
#3 D:\xampp\htdocs\ultimo1\app\code\core\Mage\Core\Model\Email\Template.php(509): Mage_Core_Model_Email_Template->send('kkk@gzeh.com', Array, Array)
#4 D:\xampp\htdocs\ultimo1\app\code\core\Mage\Core\Model\Email\Template\Mailer.php(83): Mage_Core_Model_Email_Template->sendTransactional('customer_create...', 'general', Array, Array, Array, '1')
#5 D:\xampp\htdocs\ultimo1\app\code\core\Mage\Customer\Model\Customer.php(714): Mage_Core_Model_Email_Template_Mailer->send()
#6 D:\xampp\htdocs\ultimo1\app\code\core\Mage\Customer\Model\Customer.php(619): Mage_Customer_Model_Customer->_sendEmailTemplate('customer/create...', 'customer/create...', Array, '1')
#7 D:\xampp\htdocs\ultimo1\app\code\core\Mage\Checkout\Model\Type\Onepage.php(786): Mage_Customer_Model_Customer->sendNewAccountEmail('registered', '', '1')
#8 D:\xampp\htdocs\ultimo1\app\code\core\Mage\Checkout\Model\Type\Onepage.php(819): Mage_Checkout_Model_Type_Onepage->_involveNewCustomer()
#9 D:\xampp\htdocs\ultimo1\app\code\local\VES\VendorsCheckout\Model\Checkout\Type\Onepage.php(333): Mage_Checkout_Model_Type_Onepage->saveOrder()
#10 D:\xampp\htdocs\ultimo1\app\code\core\Mage\Checkout\controllers\OnepageController.php(578): VES_VendorsCheckout_Model_Checkout_Type_Onepage->saveOrder()
#11 D:\xampp\htdocs\ultimo1\app\code\core\Mage\Core\Controller\Varien\Action.php(418): Mage_Checkout_OnepageController->saveOrderAction()
#12 D:\xampp\htdocs\ultimo1\app\code\core\Mage\Core\Controller\Varien\Router\Standard.php(254): Mage_Core_Controller_Varien_Action->dispatch('saveOrder')
#13 D:\xampp\htdocs\ultimo1\app\code\core\Mage\Core\Controller\Varien\Front.php(172): Mage_Core_Controller_Varien_Router_Standard->match(Object(Mage_Core_Controller_Request_Http))
#14 D:\xampp\htdocs\ultimo1\app\code\core\Mage\Core\Model\App.php(365): Mage_Core_Controller_Varien_Front->dispatch()
#15 D:\xampp\htdocs\ultimo1\app\Mage.php(683): Mage_Core_Model_App->run(Array)
#16 D:\xampp\htdocs\ultimo1\index.php(83): Mage::run('', 'store')
#17 {main}
2018-03-11T08:46:54+00:00 ERR (3): 
Zend_Mail_Transport_Exception: Unable to send mail. mail(): Failed to connect to mailserver at &quot;localhost&quot; port 25, verify your &quot;SMTP&quot; and &quot;smtp_port&quot; setting in php.ini or use ini_set() in D:\xampp\htdocs\ultimo1\lib\Zend\Mail\Transport\Sendmail.php:142
Stack trace:
#0 D:\xampp\htdocs\ultimo1\lib\Zend\Mail\Transport\Abstract.php(348): Zend_Mail_Transport_Sendmail->_sendMail()
#1 D:\xampp\htdocs\ultimo1\lib\Zend\Mail.php(1194): Zend_Mail_Transport_Abstract->send(Object(Zend_Mail))
#2 D:\xampp\htdocs\ultimo1\app\code\core\Mage\Core\Model\Email\Template.php(452): Zend_Mail->send()
#3 D:\xampp\htdocs\ultimo1\app\code\core\Mage\Core\Model\Email\Template.php(509): Mage_Core_Model_Email_Template->send('teddy@gzeh.com', Array, Array)
#4 D:\xampp\htdocs\ultimo1\app\code\core\Mage\Core\Model\Email\Template\Mailer.php(83): Mage_Core_Model_Email_Template->sendTransactional('vendors_sales_o...', 'general', Array, Array, Array, NULL)
#5 D:\xampp\htdocs\ultimo1\app\code\local\VES\VendorsSales\Helper\Data.php(139): Mage_Core_Model_Email_Template_Mailer->send()
#6 D:\xampp\htdocs\ultimo1\app\code\local\VES\VendorsSales\Helper\Data.php(100): VES_VendorsSales_Helper_Data->_sendEmailTemplate('vendors/sales/o...', 'vendors/sales/e...', Array, NULL, Object(VES_Vendors_Model_Vendor))
#7 D:\xampp\htdocs\ultimo1\app\code\local\VES\VendorsSales\Model\Observer.php(11): VES_VendorsSales_Helper_Data->sendNewOrderEmail(Object(Mage_Sales_Model_Order))
#8 D:\xampp\htdocs\ultimo1\app\code\core\Mage\Core\Model\App.php(1358): VES_VendorsSales_Model_Observer->checkout_submit_all_after(Object(Varien_Event_Observer))
#9 D:\xampp\htdocs\ultimo1\app\code\core\Mage\Core\Model\App.php(1337): Mage_Core_Model_App->_callObserverMethod(Object(VES_VendorsSales_Model_Observer), 'checkout_submit...', Object(Varien_Event_Observer))
#10 D:\xampp\htdocs\ultimo1\app\Mage.php(448): Mage_Core_Model_App->dispatchEvent('checkout_submit...', Array)
#11 D:\xampp\htdocs\ultimo1\app\code\core\Mage\Checkout\Model\Type\Onepage.php(875): Mage::dispatchEvent('checkout_submit...', Array)
#12 D:\xampp\htdocs\ultimo1\app\code\local\VES\VendorsCheckout\Model\Checkout\Type\Onepage.php(333): Mage_Checkout_Model_Type_Onepage->saveOrder()
#13 D:\xampp\htdocs\ultimo1\app\code\core\Mage\Checkout\controllers\OnepageController.php(578): VES_VendorsCheckout_Model_Checkout_Type_Onepage->saveOrder()
#14 D:\xampp\htdocs\ultimo1\app\code\core\Mage\Core\Controller\Varien\Action.php(418): Mage_Checkout_OnepageController->saveOrderAction()
#15 D:\xampp\htdocs\ultimo1\app\code\core\Mage\Core\Controller\Varien\Router\Standard.php(254): Mage_Core_Controller_Varien_Action->dispatch('saveOrder')
#16 D:\xampp\htdocs\ultimo1\app\code\core\Mage\Core\Controller\Varien\Front.php(172): Mage_Core_Controller_Varien_Router_Standard->match(Object(Mage_Core_Controller_Request_Http))
#17 D:\xampp\htdocs\ultimo1\app\code\core\Mage\Core\Model\App.php(365): Mage_Core_Controller_Varien_Front->dispatch()
#18 D:\xampp\htdocs\ultimo1\app\Mage.php(683): Mage_Core_Model_App->run(Array)
#19 D:\xampp\htdocs\ultimo1\index.php(83): Mage::run('', 'store')
#20 {main}
2018-03-11T08:48:48+00:00 ERR (3): 
Zend_Mail_Transport_Exception: Unable to send mail. mail(): Failed to connect to mailserver at &quot;localhost&quot; port 25, verify your &quot;SMTP&quot; and &quot;smtp_port&quot; setting in php.ini or use ini_set() in D:\xampp\htdocs\ultimo1\lib\Zend\Mail\Transport\Sendmail.php:142
Stack trace:
#0 D:\xampp\htdocs\ultimo1\lib\Zend\Mail\Transport\Abstract.php(348): Zend_Mail_Transport_Sendmail->_sendMail()
#1 D:\xampp\htdocs\ultimo1\lib\Zend\Mail.php(1194): Zend_Mail_Transport_Abstract->send(Object(Zend_Mail))
#2 D:\xampp\htdocs\ultimo1\app\code\core\Mage\Core\Model\Email\Template.php(452): Zend_Mail->send()
#3 D:\xampp\htdocs\ultimo1\app\code\core\Mage\Core\Model\Email\Template.php(509): Mage_Core_Model_Email_Template->send('teddy@gzeh.com', Array, Array)
#4 D:\xampp\htdocs\ultimo1\app\code\core\Mage\Core\Model\Email\Template\Mailer.php(83): Mage_Core_Model_Email_Template->sendTransactional('vendors_sales_o...', 'general', Array, Array, Array, NULL)
#5 D:\xampp\htdocs\ultimo1\app\code\local\VES\VendorsSales\Helper\Data.php(139): Mage_Core_Model_Email_Template_Mailer->send()
#6 D:\xampp\htdocs\ultimo1\app\code\local\VES\VendorsSales\Helper\Data.php(100): VES_VendorsSales_Helper_Data->_sendEmailTemplate('vendors/sales/o...', 'vendors/sales/e...', Array, NULL, Object(VES_Vendors_Model_Vendor))
#7 D:\xampp\htdocs\ultimo1\app\code\local\VES\VendorsSales\Model\Observer.php(11): VES_VendorsSales_Helper_Data->sendNewOrderEmail(Object(Mage_Sales_Model_Order))
#8 D:\xampp\htdocs\ultimo1\app\code\core\Mage\Core\Model\App.php(1358): VES_VendorsSales_Model_Observer->checkout_submit_all_after(Object(Varien_Event_Observer))
#9 D:\xampp\htdocs\ultimo1\app\code\core\Mage\Core\Model\App.php(1337): Mage_Core_Model_App->_callObserverMethod(Object(VES_VendorsSales_Model_Observer), 'checkout_submit...', Object(Varien_Event_Observer))
#10 D:\xampp\htdocs\ultimo1\app\Mage.php(448): Mage_Core_Model_App->dispatchEvent('checkout_submit...', Array)
#11 D:\xampp\htdocs\ultimo1\app\code\core\Mage\Checkout\Model\Type\Onepage.php(875): Mage::dispatchEvent('checkout_submit...', Array)
#12 D:\xampp\htdocs\ultimo1\app\code\local\VES\VendorsCheckout\Model\Checkout\Type\Onepage.php(333): Mage_Checkout_Model_Type_Onepage->saveOrder()
#13 D:\xampp\htdocs\ultimo1\app\code\core\Mage\Checkout\controllers\OnepageController.php(578): VES_VendorsCheckout_Model_Checkout_Type_Onepage->saveOrder()
#14 D:\xampp\htdocs\ultimo1\app\code\core\Mage\Core\Controller\Varien\Action.php(418): Mage_Checkout_OnepageController->saveOrderAction()
#15 D:\xampp\htdocs\ultimo1\app\code\core\Mage\Core\Controller\Varien\Router\Standard.php(254): Mage_Core_Controller_Varien_Action->dispatch('saveOrder')
#16 D:\xampp\htdocs\ultimo1\app\code\core\Mage\Core\Controller\Varien\Front.php(172): Mage_Core_Controller_Varien_Router_Standard->match(Object(Mage_Core_Controller_Request_Http))
#17 D:\xampp\htdocs\ultimo1\app\code\core\Mage\Core\Model\App.php(365): Mage_Core_Controller_Varien_Front->dispatch()
#18 D:\xampp\htdocs\ultimo1\app\Mage.php(683): Mage_Core_Model_App->run(Array)
#19 D:\xampp\htdocs\ultimo1\index.php(83): Mage::run('', 'store')
#20 {main}
2018-03-11T08:55:42+00:00 ERR (3): 
Zend_Mail_Transport_Exception: Unable to send mail. mail(): Failed to connect to mailserver at &quot;localhost&quot; port 25, verify your &quot;SMTP&quot; and &quot;smtp_port&quot; setting in php.ini or use ini_set() in D:\xampp\htdocs\ultimo1\lib\Zend\Mail\Transport\Sendmail.php:142
Stack trace:
#0 D:\xampp\htdocs\ultimo1\lib\Zend\Mail\Transport\Abstract.php(348): Zend_Mail_Transport_Sendmail->_sendMail()
#1 D:\xampp\htdocs\ultimo1\lib\Zend\Mail.php(1194): Zend_Mail_Transport_Abstract->send(Object(Zend_Mail))
#2 D:\xampp\htdocs\ultimo1\app\code\core\Mage\Core\Model\Email\Template.php(452): Zend_Mail->send()
#3 D:\xampp\htdocs\ultimo1\app\code\core\Mage\Core\Model\Email\Template.php(509): Mage_Core_Model_Email_Template->send('teddy@gzeh.com', Array, Array)
#4 D:\xampp\htdocs\ultimo1\app\code\core\Mage\Core\Model\Email\Template\Mailer.php(83): Mage_Core_Model_Email_Template->sendTransactional('vendors_credit_...', 'general', Array, Array, Array, NULL)
#5 D:\xampp\htdocs\ultimo1\app\code\local\VES\VendorsCredit\Helper\Data.php(172): Mage_Core_Model_Email_Template_Mailer->send()
#6 D:\xampp\htdocs\ultimo1\app\code\local\VES\VendorsCredit\Helper\Data.php(106): VES_VendorsCredit_Helper_Data->_sendEmailTemplate('vendors/credit/...', 'vendors/credit/...', Array, NULL, Object(VES_Vendors_Model_Vendor))
#7 D:\xampp\htdocs\ultimo1\app\code\local\VES\VendorsCredit\Model\Transaction.php(15): VES_VendorsCredit_Helper_Data->sendCreditBalanceChangeNotificationEmail(Object(VES_VendorsCredit_Model_Transaction))
#8 D:\xampp\htdocs\ultimo1\app\code\core\Mage\Core\Model\Abstract.php(319): VES_VendorsCredit_Model_Transaction->_afterSave()
#9 D:\xampp\htdocs\ultimo1\app\code\local\VES\VendorsCredit\Model\Type\Itempayment.php(35): Mage_Core_Model_Abstract->save()
#10 D:\xampp\htdocs\ultimo1\app\code\local\VES\VendorsCredit\Model\Type.php(30): VES_VendorsCredit_Model_Type_Itempayment->process()
#11 D:\xampp\htdocs\ultimo1\app\code\local\VES\VendorsCredit\Model\Observer.php(148): VES_VendorsCredit_Model_Type->process(Array)
#12 D:\xampp\htdocs\ultimo1\app\code\local\VES\VendorsCredit\Model\Observer.php(172): VES_VendorsCredit_Model_Observer->forceAddCreditToVendor(Object(Mage_Sales_Model_Order_Invoice))
#13 D:\xampp\htdocs\ultimo1\app\code\core\Mage\Core\Model\App.php(1358): VES_VendorsCredit_Model_Observer->sales_order_invoice_save_after(Object(Varien_Event_Observer))
#14 D:\xampp\htdocs\ultimo1\app\code\core\Mage\Core\Model\App.php(1337): Mage_Core_Model_App->_callObserverMethod(Object(VES_VendorsCredit_Model_Observer), 'sales_order_inv...', Object(Varien_Event_Observer))
#15 D:\xampp\htdocs\ultimo1\app\Mage.php(448): Mage_Core_Model_App->dispatchEvent('sales_order_inv...', Array)
#16 D:\xampp\htdocs\ultimo1\app\code\core\Mage\Core\Model\Abstract.php(466): Mage::dispatchEvent('sales_order_inv...', Array)
#17 D:\xampp\htdocs\ultimo1\app\code\core\Mage\Sales\Model\Order\Invoice.php(996): Mage_Core_Model_Abstract->_afterSave()
#18 D:\xampp\htdocs\ultimo1\app\code\core\Mage\Core\Model\Abstract.php(319): Mage_Sales_Model_Order_Invoice->_afterSave()
#19 D:\xampp\htdocs\ultimo1\app\code\core\Mage\Core\Model\Resource\Transaction.php(151): Mage_Core_Model_Abstract->save()
#20 D:\xampp\htdocs\ultimo1\app\code\core\Mage\Adminhtml\controllers\Sales\Order\InvoiceController.php(272): Mage_Core_Model_Resource_Transaction->save()
#21 D:\xampp\htdocs\ultimo1\app\code\core\Mage\Core\Controller\Varien\Action.php(418): Mage_Adminhtml_Sales_Order_InvoiceController->saveAction()
#22 D:\xampp\htdocs\ultimo1\app\code\core\Mage\Core\Controller\Varien\Router\Standard.php(254): Mage_Core_Controller_Varien_Action->dispatch('save')
#23 D:\xampp\htdocs\ultimo1\app\code\core\Mage\Core\Controller\Varien\Front.php(172): Mage_Core_Controller_Varien_Router_Standard->match(Object(Mage_Core_Controller_Request_Http))
#24 D:\xampp\htdocs\ultimo1\app\code\core\Mage\Core\Model\App.php(365): Mage_Core_Controller_Varien_Front->dispatch()
#25 D:\xampp\htdocs\ultimo1\app\Mage.php(683): Mage_Core_Model_App->run(Array)
#26 D:\xampp\htdocs\ultimo1\index.php(83): Mage::run('', 'store')
#27 {main}
2018-03-11T09:00:37+00:00 ERR (3): 
Zend_Mail_Transport_Exception: Unable to send mail. mail(): Failed to connect to mailserver at &quot;localhost&quot; port 25, verify your &quot;SMTP&quot; and &quot;smtp_port&quot; setting in php.ini or use ini_set() in D:\xampp\htdocs\ultimo1\lib\Zend\Mail\Transport\Sendmail.php:142
Stack trace:
#0 D:\xampp\htdocs\ultimo1\lib\Zend\Mail\Transport\Abstract.php(348): Zend_Mail_Transport_Sendmail->_sendMail()
#1 D:\xampp\htdocs\ultimo1\lib\Zend\Mail.php(1194): Zend_Mail_Transport_Abstract->send(Object(Zend_Mail))
#2 D:\xampp\htdocs\ultimo1\app\code\core\Mage\Core\Model\Email\Template.php(452): Zend_Mail->send()
#3 D:\xampp\htdocs\ultimo1\app\code\core\Mage\Core\Model\Email\Template.php(509): Mage_Core_Model_Email_Template->send('teddy@gzeh.com', Array, Array)
#4 D:\xampp\htdocs\ultimo1\app\code\core\Mage\Core\Model\Email\Template\Mailer.php(83): Mage_Core_Model_Email_Template->sendTransactional('vendors_sales_o...', 'general', Array, Array, Array, NULL)
#5 D:\xampp\htdocs\ultimo1\app\code\local\VES\VendorsSales\Helper\Data.php(139): Mage_Core_Model_Email_Template_Mailer->send()
#6 D:\xampp\htdocs\ultimo1\app\code\local\VES\VendorsSales\Helper\Data.php(100): VES_VendorsSales_Helper_Data->_sendEmailTemplate('vendors/sales/o...', 'vendors/sales/e...', Array, NULL, Object(VES_Vendors_Model_Vendor))
#7 D:\xampp\htdocs\ultimo1\app\code\local\VES\VendorsSales\Model\Observer.php(11): VES_VendorsSales_Helper_Data->sendNewOrderEmail(Object(Mage_Sales_Model_Order))
#8 D:\xampp\htdocs\ultimo1\app\code\core\Mage\Core\Model\App.php(1358): VES_VendorsSales_Model_Observer->checkout_submit_all_after(Object(Varien_Event_Observer))
#9 D:\xampp\htdocs\ultimo1\app\code\core\Mage\Core\Model\App.php(1337): Mage_Core_Model_App->_callObserverMethod(Object(VES_VendorsSales_Model_Observer), 'checkout_submit...', Object(Varien_Event_Observer))
#10 D:\xampp\htdocs\ultimo1\app\Mage.php(448): Mage_Core_Model_App->dispatchEvent('checkout_submit...', Array)
#11 D:\xampp\htdocs\ultimo1\app\code\core\Mage\Checkout\Model\Type\Onepage.php(875): Mage::dispatchEvent('checkout_submit...', Array)
#12 D:\xampp\htdocs\ultimo1\app\code\local\VES\VendorsCheckout\Model\Checkout\Type\Onepage.php(333): Mage_Checkout_Model_Type_Onepage->saveOrder()
#13 D:\xampp\htdocs\ultimo1\app\code\core\Mage\Checkout\controllers\OnepageController.php(578): VES_VendorsCheckout_Model_Checkout_Type_Onepage->saveOrder()
#14 D:\xampp\htdocs\ultimo1\app\code\core\Mage\Core\Controller\Varien\Action.php(418): Mage_Checkout_OnepageController->saveOrderAction()
#15 D:\xampp\htdocs\ultimo1\app\code\core\Mage\Core\Controller\Varien\Router\Standard.php(254): Mage_Core_Controller_Varien_Action->dispatch('saveOrder')
#16 D:\xampp\htdocs\ultimo1\app\code\core\Mage\Core\Controller\Varien\Front.php(172): Mage_Core_Controller_Varien_Router_Standard->match(Object(Mage_Core_Controller_Request_Http))
#17 D:\xampp\htdocs\ultimo1\app\code\core\Mage\Core\Model\App.php(365): Mage_Core_Controller_Varien_Front->dispatch()
#18 D:\xampp\htdocs\ultimo1\app\Mage.php(683): Mage_Core_Model_App->run(Array)
#19 D:\xampp\htdocs\ultimo1\index.php(83): Mage::run('', 'store')
#20 {main}
2018-03-11T09:01:27+00:00 ERR (3): 
Zend_Mail_Transport_Exception: Unable to send mail. mail(): Failed to connect to mailserver at &quot;localhost&quot; port 25, verify your &quot;SMTP&quot; and &quot;smtp_port&quot; setting in php.ini or use ini_set() in D:\xampp\htdocs\ultimo1\lib\Zend\Mail\Transport\Sendmail.php:142
Stack trace:
#0 D:\xampp\htdocs\ultimo1\lib\Zend\Mail\Transport\Abstract.php(348): Zend_Mail_Transport_Sendmail->_sendMail()
#1 D:\xampp\htdocs\ultimo1\lib\Zend\Mail.php(1194): Zend_Mail_Transport_Abstract->send(Object(Zend_Mail))
#2 D:\xampp\htdocs\ultimo1\app\code\core\Mage\Core\Model\Email\Template.php(452): Zend_Mail->send()
#3 D:\xampp\htdocs\ultimo1\app\code\core\Mage\Core\Model\Email\Template.php(509): Mage_Core_Model_Email_Template->send('teddy@gzeh.com', Array, Array)
#4 D:\xampp\htdocs\ultimo1\app\code\core\Mage\Core\Model\Email\Template\Mailer.php(83): Mage_Core_Model_Email_Template->sendTransactional('vendors_credit_...', 'general', Array, Array, Array, NULL)
#5 D:\xampp\htdocs\ultimo1\app\code\local\VES\VendorsCredit\Helper\Data.php(172): Mage_Core_Model_Email_Template_Mailer->send()
#6 D:\xampp\htdocs\ultimo1\app\code\local\VES\VendorsCredit\Helper\Data.php(106): VES_VendorsCredit_Helper_Data->_sendEmailTemplate('vendors/credit/...', 'vendors/credit/...', Array, NULL, Object(VES_Vendors_Model_Vendor))
#7 D:\xampp\htdocs\ultimo1\app\code\local\VES\VendorsCredit\Model\Transaction.php(15): VES_VendorsCredit_Helper_Data->sendCreditBalanceChangeNotificationEmail(Object(VES_VendorsCredit_Model_Transaction))
#8 D:\xampp\htdocs\ultimo1\app\code\core\Mage\Core\Model\Abstract.php(319): VES_VendorsCredit_Model_Transaction->_afterSave()
#9 D:\xampp\htdocs\ultimo1\app\code\local\VES\VendorsCredit\Model\Type\Itempayment.php(35): Mage_Core_Model_Abstract->save()
#10 D:\xampp\htdocs\ultimo1\app\code\local\VES\VendorsCredit\Model\Type.php(30): VES_VendorsCredit_Model_Type_Itempayment->process()
#11 D:\xampp\htdocs\ultimo1\app\code\local\VES\VendorsCredit\Model\Observer.php(148): VES_VendorsCredit_Model_Type->process(Array)
#12 D:\xampp\htdocs\ultimo1\app\code\local\VES\VendorsCredit\Model\Observer.php(172): VES_VendorsCredit_Model_Observer->forceAddCreditToVendor(Object(Mage_Sales_Model_Order_Invoice))
#13 D:\xampp\htdocs\ultimo1\app\code\core\Mage\Core\Model\App.php(1358): VES_VendorsCredit_Model_Observer->sales_order_invoice_save_after(Object(Varien_Event_Observer))
#14 D:\xampp\htdocs\ultimo1\app\code\core\Mage\Core\Model\App.php(1337): Mage_Core_Model_App->_callObserverMethod(Object(VES_VendorsCredit_Model_Observer), 'sales_order_inv...', Object(Varien_Event_Observer))
#15 D:\xampp\htdocs\ultimo1\app\Mage.php(448): Mage_Core_Model_App->dispatchEvent('sales_order_inv...', Array)
#16 D:\xampp\htdocs\ultimo1\app\code\core\Mage\Core\Model\Abstract.php(466): Mage::dispatchEvent('sales_order_inv...', Array)
#17 D:\xampp\htdocs\ultimo1\app\code\core\Mage\Sales\Model\Order\Invoice.php(996): Mage_Core_Model_Abstract->_afterSave()
#18 D:\xampp\htdocs\ultimo1\app\code\core\Mage\Core\Model\Abstract.php(319): Mage_Sales_Model_Order_Invoice->_afterSave()
#19 D:\xampp\htdocs\ultimo1\app\code\core\Mage\Core\Model\Resource\Transaction.php(151): Mage_Core_Model_Abstract->save()
#20 D:\xampp\htdocs\ultimo1\app\code\core\Mage\Adminhtml\controllers\Sales\Order\InvoiceController.php(272): Mage_Core_Model_Resource_Transaction->save()
#21 D:\xampp\htdocs\ultimo1\app\code\core\Mage\Core\Controller\Varien\Action.php(418): Mage_Adminhtml_Sales_Order_InvoiceController->saveAction()
#22 D:\xampp\htdocs\ultimo1\app\code\core\Mage\Core\Controller\Varien\Router\Standard.php(254): Mage_Core_Controller_Varien_Action->dispatch('save')
#23 D:\xampp\htdocs\ultimo1\app\code\core\Mage\Core\Controller\Varien\Front.php(172): Mage_Core_Controller_Varien_Router_Standard->match(Object(Mage_Core_Controller_Request_Http))
#24 D:\xampp\htdocs\ultimo1\app\code\core\Mage\Core\Model\App.php(365): Mage_Core_Controller_Varien_Front->dispatch()
#25 D:\xampp\htdocs\ultimo1\app\Mage.php(683): Mage_Core_Model_App->run(Array)
#26 D:\xampp\htdocs\ultimo1\index.php(83): Mage::run('', 'store')
#27 {main}
2018-03-11T09:18:20+00:00 ERR (3): 
Zend_Mail_Transport_Exception: Unable to send mail. mail(): Failed to connect to mailserver at &quot;localhost&quot; port 25, verify your &quot;SMTP&quot; and &quot;smtp_port&quot; setting in php.ini or use ini_set() in D:\xampp\htdocs\ultimo1\lib\Zend\Mail\Transport\Sendmail.php:142
Stack trace:
#0 D:\xampp\htdocs\ultimo1\lib\Zend\Mail\Transport\Abstract.php(348): Zend_Mail_Transport_Sendmail->_sendMail()
#1 D:\xampp\htdocs\ultimo1\lib\Zend\Mail.php(1194): Zend_Mail_Transport_Abstract->send(Object(Zend_Mail))
#2 D:\xampp\htdocs\ultimo1\app\code\core\Mage\Core\Model\Email\Template.php(452): Zend_Mail->send()
#3 D:\xampp\htdocs\ultimo1\app\code\core\Mage\Core\Model\Email\Template.php(509): Mage_Core_Model_Email_Template->send('teddy@gzeh.com', Array, Array)
#4 D:\xampp\htdocs\ultimo1\app\code\core\Mage\Core\Model\Email\Template\Mailer.php(83): Mage_Core_Model_Email_Template->sendTransactional('vendors_sales_o...', 'general', Array, Array, Array, NULL)
#5 D:\xampp\htdocs\ultimo1\app\code\local\VES\VendorsSales\Helper\Data.php(139): Mage_Core_Model_Email_Template_Mailer->send()
#6 D:\xampp\htdocs\ultimo1\app\code\local\VES\VendorsSales\Helper\Data.php(100): VES_VendorsSales_Helper_Data->_sendEmailTemplate('vendors/sales/o...', 'vendors/sales/e...', Array, NULL, Object(VES_Vendors_Model_Vendor))
#7 D:\xampp\htdocs\ultimo1\app\code\local\VES\VendorsSales\Model\Observer.php(11): VES_VendorsSales_Helper_Data->sendNewOrderEmail(Object(Mage_Sales_Model_Order))
#8 D:\xampp\htdocs\ultimo1\app\code\core\Mage\Core\Model\App.php(1358): VES_VendorsSales_Model_Observer->checkout_submit_all_after(Object(Varien_Event_Observer))
#9 D:\xampp\htdocs\ultimo1\app\code\core\Mage\Core\Model\App.php(1337): Mage_Core_Model_App->_callObserverMethod(Object(VES_VendorsSales_Model_Observer), 'checkout_submit...', Object(Varien_Event_Observer))
#10 D:\xampp\htdocs\ultimo1\app\Mage.php(448): Mage_Core_Model_App->dispatchEvent('checkout_submit...', Array)
#11 D:\xampp\htdocs\ultimo1\app\code\core\Mage\Checkout\Model\Type\Onepage.php(875): Mage::dispatchEvent('checkout_submit...', Array)
#12 D:\xampp\htdocs\ultimo1\app\code\local\VES\VendorsCheckout\Model\Checkout\Type\Onepage.php(333): Mage_Checkout_Model_Type_Onepage->saveOrder()
#13 D:\xampp\htdocs\ultimo1\app\code\core\Mage\Checkout\controllers\OnepageController.php(578): VES_VendorsCheckout_Model_Checkout_Type_Onepage->saveOrder()
#14 D:\xampp\htdocs\ultimo1\app\code\core\Mage\Core\Controller\Varien\Action.php(418): Mage_Checkout_OnepageController->saveOrderAction()
#15 D:\xampp\htdocs\ultimo1\app\code\core\Mage\Core\Controller\Varien\Router\Standard.php(254): Mage_Core_Controller_Varien_Action->dispatch('saveOrder')
#16 D:\xampp\htdocs\ultimo1\app\code\core\Mage\Core\Controller\Varien\Front.php(172): Mage_Core_Controller_Varien_Router_Standard->match(Object(Mage_Core_Controller_Request_Http))
#17 D:\xampp\htdocs\ultimo1\app\code\core\Mage\Core\Model\App.php(365): Mage_Core_Controller_Varien_Front->dispatch()
#18 D:\xampp\htdocs\ultimo1\app\Mage.php(683): Mage_Core_Model_App->run(Array)
#19 D:\xampp\htdocs\ultimo1\index.php(83): Mage::run('', 'store')
#20 {main}
2018-03-11T09:19:04+00:00 ERR (3): 
Zend_Mail_Transport_Exception: Unable to send mail. mail(): Failed to connect to mailserver at &quot;localhost&quot; port 25, verify your &quot;SMTP&quot; and &quot;smtp_port&quot; setting in php.ini or use ini_set() in D:\xampp\htdocs\ultimo1\lib\Zend\Mail\Transport\Sendmail.php:142
Stack trace:
#0 D:\xampp\htdocs\ultimo1\lib\Zend\Mail\Transport\Abstract.php(348): Zend_Mail_Transport_Sendmail->_sendMail()
#1 D:\xampp\htdocs\ultimo1\lib\Zend\Mail.php(1194): Zend_Mail_Transport_Abstract->send(Object(Zend_Mail))
#2 D:\xampp\htdocs\ultimo1\app\code\core\Mage\Core\Model\Email\Template.php(452): Zend_Mail->send()
#3 D:\xampp\htdocs\ultimo1\app\code\core\Mage\Core\Model\Email\Template.php(509): Mage_Core_Model_Email_Template->send('teddy@gzeh.com', Array, Array)
#4 D:\xampp\htdocs\ultimo1\app\code\core\Mage\Core\Model\Email\Template\Mailer.php(83): Mage_Core_Model_Email_Template->sendTransactional('vendors_credit_...', 'general', Array, Array, Array, NULL)
#5 D:\xampp\htdocs\ultimo1\app\code\local\VES\VendorsCredit\Helper\Data.php(172): Mage_Core_Model_Email_Template_Mailer->send()
#6 D:\xampp\htdocs\ultimo1\app\code\local\VES\VendorsCredit\Helper\Data.php(106): VES_VendorsCredit_Helper_Data->_sendEmailTemplate('vendors/credit/...', 'vendors/credit/...', Array, NULL, Object(VES_Vendors_Model_Vendor))
#7 D:\xampp\htdocs\ultimo1\app\code\local\VES\VendorsCredit\Model\Transaction.php(15): VES_VendorsCredit_Helper_Data->sendCreditBalanceChangeNotificationEmail(Object(VES_VendorsCredit_Model_Transaction))
#8 D:\xampp\htdocs\ultimo1\app\code\core\Mage\Core\Model\Abstract.php(319): VES_VendorsCredit_Model_Transaction->_afterSave()
#9 D:\xampp\htdocs\ultimo1\app\code\local\VES\VendorsCredit\Model\Type\Itempayment.php(35): Mage_Core_Model_Abstract->save()
#10 D:\xampp\htdocs\ultimo1\app\code\local\VES\VendorsCredit\Model\Type.php(30): VES_VendorsCredit_Model_Type_Itempayment->process()
#11 D:\xampp\htdocs\ultimo1\app\code\local\VES\VendorsCredit\Model\Observer.php(148): VES_VendorsCredit_Model_Type->process(Array)
#12 D:\xampp\htdocs\ultimo1\app\code\local\VES\VendorsCredit\Model\Observer.php(172): VES_VendorsCredit_Model_Observer->forceAddCreditToVendor(Object(Mage_Sales_Model_Order_Invoice))
#13 D:\xampp\htdocs\ultimo1\app\code\core\Mage\Core\Model\App.php(1358): VES_VendorsCredit_Model_Observer->sales_order_invoice_save_after(Object(Varien_Event_Observer))
#14 D:\xampp\htdocs\ultimo1\app\code\core\Mage\Core\Model\App.php(1337): Mage_Core_Model_App->_callObserverMethod(Object(VES_VendorsCredit_Model_Observer), 'sales_order_inv...', Object(Varien_Event_Observer))
#15 D:\xampp\htdocs\ultimo1\app\Mage.php(448): Mage_Core_Model_App->dispatchEvent('sales_order_inv...', Array)
#16 D:\xampp\htdocs\ultimo1\app\code\core\Mage\Core\Model\Abstract.php(466): Mage::dispatchEvent('sales_order_inv...', Array)
#17 D:\xampp\htdocs\ultimo1\app\code\core\Mage\Sales\Model\Order\Invoice.php(996): Mage_Core_Model_Abstract->_afterSave()
#18 D:\xampp\htdocs\ultimo1\app\code\core\Mage\Core\Model\Abstract.php(319): Mage_Sales_Model_Order_Invoice->_afterSave()
#19 D:\xampp\htdocs\ultimo1\app\code\core\Mage\Core\Model\Resource\Transaction.php(151): Mage_Core_Model_Abstract->save()
#20 D:\xampp\htdocs\ultimo1\app\code\core\Mage\Adminhtml\controllers\Sales\Order\InvoiceController.php(272): Mage_Core_Model_Resource_Transaction->save()
#21 D:\xampp\htdocs\ultimo1\app\code\core\Mage\Core\Controller\Varien\Action.php(418): Mage_Adminhtml_Sales_Order_InvoiceController->saveAction()
#22 D:\xampp\htdocs\ultimo1\app\code\core\Mage\Core\Controller\Varien\Router\Standard.php(254): Mage_Core_Controller_Varien_Action->dispatch('save')
#23 D:\xampp\htdocs\ultimo1\app\code\core\Mage\Core\Controller\Varien\Front.php(172): Mage_Core_Controller_Varien_Router_Standard->match(Object(Mage_Core_Controller_Request_Http))
#24 D:\xampp\htdocs\ultimo1\app\code\core\Mage\Core\Model\App.php(365): Mage_Core_Controller_Varien_Front->dispatch()
#25 D:\xampp\htdocs\ultimo1\app\Mage.php(683): Mage_Core_Model_App->run(Array)
#26 D:\xampp\htdocs\ultimo1\index.php(83): Mage::run('', 'store')
#27 {main}
2018-03-11T09:29:27+00:00 ERR (3): 
Zend_Mail_Transport_Exception: Unable to send mail. mail(): Failed to connect to mailserver at &quot;localhost&quot; port 25, verify your &quot;SMTP&quot; and &quot;smtp_port&quot; setting in php.ini or use ini_set() in D:\xampp\htdocs\ultimo1\lib\Zend\Mail\Transport\Sendmail.php:142
Stack trace:
#0 D:\xampp\htdocs\ultimo1\lib\Zend\Mail\Transport\Abstract.php(348): Zend_Mail_Transport_Sendmail->_sendMail()
#1 D:\xampp\htdocs\ultimo1\lib\Zend\Mail.php(1194): Zend_Mail_Transport_Abstract->send(Object(Zend_Mail))
#2 D:\xampp\htdocs\ultimo1\app\code\core\Mage\Core\Model\Email\Template.php(452): Zend_Mail->send()
#3 D:\xampp\htdocs\ultimo1\app\code\core\Mage\Core\Model\Email\Template.php(509): Mage_Core_Model_Email_Template->send('teddy@gzeh.com', Array, Array)
#4 D:\xampp\htdocs\ultimo1\app\code\core\Mage\Core\Model\Email\Template\Mailer.php(83): Mage_Core_Model_Email_Template->sendTransactional('vendors_sales_o...', 'general', Array, Array, Array, NULL)
#5 D:\xampp\htdocs\ultimo1\app\code\local\VES\VendorsSales\Helper\Data.php(139): Mage_Core_Model_Email_Template_Mailer->send()
#6 D:\xampp\htdocs\ultimo1\app\code\local\VES\VendorsSales\Helper\Data.php(76): VES_VendorsSales_Helper_Data->_sendEmailTemplate('vendors/sales/o...', 'vendors/sales/e...', Array, NULL, Object(VES_Vendors_Model_Vendor))
#7 D:\xampp\htdocs\ultimo1\app\code\local\VES\VendorsSales\Model\Observer.php(16): VES_VendorsSales_Helper_Data->sendNewOrderEmail(Object(Mage_Sales_Model_Order))
#8 D:\xampp\htdocs\ultimo1\app\code\core\Mage\Core\Model\App.php(1358): VES_VendorsSales_Model_Observer->checkout_submit_all_after(Object(Varien_Event_Observer))
#9 D:\xampp\htdocs\ultimo1\app\code\core\Mage\Core\Model\App.php(1337): Mage_Core_Model_App->_callObserverMethod(Object(VES_VendorsSales_Model_Observer), 'checkout_submit...', Object(Varien_Event_Observer))
#10 D:\xampp\htdocs\ultimo1\app\Mage.php(448): Mage_Core_Model_App->dispatchEvent('checkout_submit...', Array)
#11 D:\xampp\htdocs\ultimo1\app\code\local\VES\VendorsCheckout\Model\Checkout\Type\Onepage.php(501): Mage::dispatchEvent('checkout_submit...', Array)
#12 D:\xampp\htdocs\ultimo1\app\code\core\Mage\Checkout\controllers\OnepageController.php(578): VES_VendorsCheckout_Model_Checkout_Type_Onepage->saveOrder()
#13 D:\xampp\htdocs\ultimo1\app\code\core\Mage\Core\Controller\Varien\Action.php(418): Mage_Checkout_OnepageController->saveOrderAction()
#14 D:\xampp\htdocs\ultimo1\app\code\core\Mage\Core\Controller\Varien\Router\Standard.php(254): Mage_Core_Controller_Varien_Action->dispatch('saveOrder')
#15 D:\xampp\htdocs\ultimo1\app\code\core\Mage\Core\Controller\Varien\Front.php(172): Mage_Core_Controller_Varien_Router_Standard->match(Object(Mage_Core_Controller_Request_Http))
#16 D:\xampp\htdocs\ultimo1\app\code\core\Mage\Core\Model\App.php(365): Mage_Core_Controller_Varien_Front->dispatch()
#17 D:\xampp\htdocs\ultimo1\app\Mage.php(683): Mage_Core_Model_App->run(Array)
#18 D:\xampp\htdocs\ultimo1\index.php(83): Mage::run('', 'store')
#19 {main}
2018-03-11T09:30:31+00:00 ERR (3): 
Zend_Mail_Transport_Exception: Unable to send mail. mail(): Failed to connect to mailserver at &quot;localhost&quot; port 25, verify your &quot;SMTP&quot; and &quot;smtp_port&quot; setting in php.ini or use ini_set() in D:\xampp\htdocs\ultimo1\lib\Zend\Mail\Transport\Sendmail.php:142
Stack trace:
#0 D:\xampp\htdocs\ultimo1\lib\Zend\Mail\Transport\Abstract.php(348): Zend_Mail_Transport_Sendmail->_sendMail()
#1 D:\xampp\htdocs\ultimo1\lib\Zend\Mail.php(1194): Zend_Mail_Transport_Abstract->send(Object(Zend_Mail))
#2 D:\xampp\htdocs\ultimo1\app\code\core\Mage\Core\Model\Email\Template.php(452): Zend_Mail->send()
#3 D:\xampp\htdocs\ultimo1\app\code\core\Mage\Core\Model\Email\Template.php(509): Mage_Core_Model_Email_Template->send('teddy@gzeh.com', Array, Array)
#4 D:\xampp\htdocs\ultimo1\app\code\core\Mage\Core\Model\Email\Template\Mailer.php(83): Mage_Core_Model_Email_Template->sendTransactional('vendors_credit_...', 'general', Array, Array, Array, NULL)
#5 D:\xampp\htdocs\ultimo1\app\code\local\VES\VendorsCredit\Helper\Data.php(172): Mage_Core_Model_Email_Template_Mailer->send()
#6 D:\xampp\htdocs\ultimo1\app\code\local\VES\VendorsCredit\Helper\Data.php(106): VES_VendorsCredit_Helper_Data->_sendEmailTemplate('vendors/credit/...', 'vendors/credit/...', Array, NULL, Object(VES_Vendors_Model_Vendor))
#7 D:\xampp\htdocs\ultimo1\app\code\local\VES\VendorsCredit\Model\Transaction.php(15): VES_VendorsCredit_Helper_Data->sendCreditBalanceChangeNotificationEmail(Object(VES_VendorsCredit_Model_Transaction))
#8 D:\xampp\htdocs\ultimo1\app\code\core\Mage\Core\Model\Abstract.php(319): VES_VendorsCredit_Model_Transaction->_afterSave()
#9 D:\xampp\htdocs\ultimo1\app\code\local\VES\VendorsCredit\Model\Type\Orderpayment.php(33): Mage_Core_Model_Abstract->save()
#10 D:\xampp\htdocs\ultimo1\app\code\local\VES\VendorsCredit\Model\Type.php(30): VES_VendorsCredit_Model_Type_Orderpayment->process()
#11 D:\xampp\htdocs\ultimo1\app\code\local\VES\VendorsCredit\Model\Observer.php(45): VES_VendorsCredit_Model_Type->process(Array)
#12 D:\xampp\htdocs\ultimo1\app\code\local\VES\VendorsCredit\Model\Observer.php(172): VES_VendorsCredit_Model_Observer->forceAddCreditToVendor(Object(Mage_Sales_Model_Order_Invoice))
#13 D:\xampp\htdocs\ultimo1\app\code\core\Mage\Core\Model\App.php(1358): VES_VendorsCredit_Model_Observer->sales_order_invoice_save_after(Object(Varien_Event_Observer))
#14 D:\xampp\htdocs\ultimo1\app\code\core\Mage\Core\Model\App.php(1337): Mage_Core_Model_App->_callObserverMethod(Object(VES_VendorsCredit_Model_Observer), 'sales_order_inv...', Object(Varien_Event_Observer))
#15 D:\xampp\htdocs\ultimo1\app\Mage.php(448): Mage_Core_Model_App->dispatchEvent('sales_order_inv...', Array)
#16 D:\xampp\htdocs\ultimo1\app\code\core\Mage\Core\Model\Abstract.php(466): Mage::dispatchEvent('sales_order_inv...', Array)
#17 D:\xampp\htdocs\ultimo1\app\code\core\Mage\Sales\Model\Order\Invoice.php(996): Mage_Core_Model_Abstract->_afterSave()
#18 D:\xampp\htdocs\ultimo1\app\code\core\Mage\Core\Model\Abstract.php(319): Mage_Sales_Model_Order_Invoice->_afterSave()
#19 D:\xampp\htdocs\ultimo1\app\code\core\Mage\Core\Model\Resource\Transaction.php(151): Mage_Core_Model_Abstract->save()
#20 D:\xampp\htdocs\ultimo1\app\code\core\Mage\Adminhtml\controllers\Sales\Order\InvoiceController.php(272): Mage_Core_Model_Resource_Transaction->save()
#21 D:\xampp\htdocs\ultimo1\app\code\core\Mage\Core\Controller\Varien\Action.php(418): Mage_Adminhtml_Sales_Order_InvoiceController->saveAction()
#22 D:\xampp\htdocs\ultimo1\app\code\core\Mage\Core\Controller\Varien\Router\Standard.php(254): Mage_Core_Controller_Varien_Action->dispatch('save')
#23 D:\xampp\htdocs\ultimo1\app\code\core\Mage\Core\Controller\Varien\Front.php(172): Mage_Core_Controller_Varien_Router_Standard->match(Object(Mage_Core_Controller_Request_Http))
#24 D:\xampp\htdocs\ultimo1\app\code\core\Mage\Core\Model\App.php(365): Mage_Core_Controller_Varien_Front->dispatch()
#25 D:\xampp\htdocs\ultimo1\app\Mage.php(683): Mage_Core_Model_App->run(Array)
#26 D:\xampp\htdocs\ultimo1\index.php(83): Mage::run('', 'store')
#27 {main}
2018-03-11T09:37:50+00:00 ERR (3): 
Zend_Mail_Transport_Exception: Unable to send mail. mail(): Failed to connect to mailserver at &quot;localhost&quot; port 25, verify your &quot;SMTP&quot; and &quot;smtp_port&quot; setting in php.ini or use ini_set() in D:\xampp\htdocs\ultimo1\lib\Zend\Mail\Transport\Sendmail.php:142
Stack trace:
#0 D:\xampp\htdocs\ultimo1\lib\Zend\Mail\Transport\Abstract.php(348): Zend_Mail_Transport_Sendmail->_sendMail()
#1 D:\xampp\htdocs\ultimo1\lib\Zend\Mail.php(1194): Zend_Mail_Transport_Abstract->send(Object(Zend_Mail))
#2 D:\xampp\htdocs\ultimo1\app\code\core\Mage\Core\Model\Email\Template.php(452): Zend_Mail->send()
#3 D:\xampp\htdocs\ultimo1\app\code\core\Mage\Core\Model\Email\Template.php(509): Mage_Core_Model_Email_Template->send('teddy@gzeh.com', Array, Array)
#4 D:\xampp\htdocs\ultimo1\app\code\core\Mage\Core\Model\Email\Template\Mailer.php(83): Mage_Core_Model_Email_Template->sendTransactional('vendors_sales_o...', 'general', Array, Array, Array, NULL)
#5 D:\xampp\htdocs\ultimo1\app\code\local\VES\VendorsSales\Helper\Data.php(139): Mage_Core_Model_Email_Template_Mailer->send()
#6 D:\xampp\htdocs\ultimo1\app\code\local\VES\VendorsSales\Helper\Data.php(76): VES_VendorsSales_Helper_Data->_sendEmailTemplate('vendors/sales/o...', 'vendors/sales/e...', Array, NULL, Object(VES_Vendors_Model_Vendor))
#7 D:\xampp\htdocs\ultimo1\app\code\local\VES\VendorsSales\Model\Observer.php(16): VES_VendorsSales_Helper_Data->sendNewOrderEmail(Object(Mage_Sales_Model_Order))
#8 D:\xampp\htdocs\ultimo1\app\code\core\Mage\Core\Model\App.php(1358): VES_VendorsSales_Model_Observer->checkout_submit_all_after(Object(Varien_Event_Observer))
#9 D:\xampp\htdocs\ultimo1\app\code\core\Mage\Core\Model\App.php(1337): Mage_Core_Model_App->_callObserverMethod(Object(VES_VendorsSales_Model_Observer), 'checkout_submit...', Object(Varien_Event_Observer))
#10 D:\xampp\htdocs\ultimo1\app\Mage.php(448): Mage_Core_Model_App->dispatchEvent('checkout_submit...', Array)
#11 D:\xampp\htdocs\ultimo1\app\code\local\VES\VendorsCheckout\Model\Checkout\Type\Onepage.php(501): Mage::dispatchEvent('checkout_submit...', Array)
#12 D:\xampp\htdocs\ultimo1\app\code\core\Mage\Checkout\controllers\OnepageController.php(578): VES_VendorsCheckout_Model_Checkout_Type_Onepage->saveOrder()
#13 D:\xampp\htdocs\ultimo1\app\code\core\Mage\Core\Controller\Varien\Action.php(418): Mage_Checkout_OnepageController->saveOrderAction()
#14 D:\xampp\htdocs\ultimo1\app\code\core\Mage\Core\Controller\Varien\Router\Standard.php(254): Mage_Core_Controller_Varien_Action->dispatch('saveOrder')
#15 D:\xampp\htdocs\ultimo1\app\code\core\Mage\Core\Controller\Varien\Front.php(172): Mage_Core_Controller_Varien_Router_Standard->match(Object(Mage_Core_Controller_Request_Http))
#16 D:\xampp\htdocs\ultimo1\app\code\core\Mage\Core\Model\App.php(365): Mage_Core_Controller_Varien_Front->dispatch()
#17 D:\xampp\htdocs\ultimo1\app\Mage.php(683): Mage_Core_Model_App->run(Array)
#18 D:\xampp\htdocs\ultimo1\index.php(83): Mage::run('', 'store')
#19 {main}
2018-03-11T09:38:29+00:00 ERR (3): 
Zend_Mail_Transport_Exception: Unable to send mail. mail(): Failed to connect to mailserver at &quot;localhost&quot; port 25, verify your &quot;SMTP&quot; and &quot;smtp_port&quot; setting in php.ini or use ini_set() in D:\xampp\htdocs\ultimo1\lib\Zend\Mail\Transport\Sendmail.php:142
Stack trace:
#0 D:\xampp\htdocs\ultimo1\lib\Zend\Mail\Transport\Abstract.php(348): Zend_Mail_Transport_Sendmail->_sendMail()
#1 D:\xampp\htdocs\ultimo1\lib\Zend\Mail.php(1194): Zend_Mail_Transport_Abstract->send(Object(Zend_Mail))
#2 D:\xampp\htdocs\ultimo1\app\code\core\Mage\Core\Model\Email\Template.php(452): Zend_Mail->send()
#3 D:\xampp\htdocs\ultimo1\app\code\core\Mage\Core\Model\Email\Template.php(509): Mage_Core_Model_Email_Template->send('teddy@gzeh.com', Array, Array)
#4 D:\xampp\htdocs\ultimo1\app\code\core\Mage\Core\Model\Email\Template\Mailer.php(83): Mage_Core_Model_Email_Template->sendTransactional('vendors_credit_...', 'general', Array, Array, Array, NULL)
#5 D:\xampp\htdocs\ultimo1\app\code\local\VES\VendorsCredit\Helper\Data.php(172): Mage_Core_Model_Email_Template_Mailer->send()
#6 D:\xampp\htdocs\ultimo1\app\code\local\VES\VendorsCredit\Helper\Data.php(106): VES_VendorsCredit_Helper_Data->_sendEmailTemplate('vendors/credit/...', 'vendors/credit/...', Array, NULL, Object(VES_Vendors_Model_Vendor))
#7 D:\xampp\htdocs\ultimo1\app\code\local\VES\VendorsCredit\Model\Transaction.php(15): VES_VendorsCredit_Helper_Data->sendCreditBalanceChangeNotificationEmail(Object(VES_VendorsCredit_Model_Transaction))
#8 D:\xampp\htdocs\ultimo1\app\code\core\Mage\Core\Model\Abstract.php(319): VES_VendorsCredit_Model_Transaction->_afterSave()
#9 D:\xampp\htdocs\ultimo1\app\code\local\VES\VendorsCredit\Model\Type\Orderpayment.php(33): Mage_Core_Model_Abstract->save()
#10 D:\xampp\htdocs\ultimo1\app\code\local\VES\VendorsCredit\Model\Type.php(30): VES_VendorsCredit_Model_Type_Orderpayment->process()
#11 D:\xampp\htdocs\ultimo1\app\code\local\VES\VendorsCredit\Model\Observer.php(45): VES_VendorsCredit_Model_Type->process(Array)
#12 D:\xampp\htdocs\ultimo1\app\code\local\VES\VendorsCredit\Model\Observer.php(172): VES_VendorsCredit_Model_Observer->forceAddCreditToVendor(Object(Mage_Sales_Model_Order_Invoice))
#13 D:\xampp\htdocs\ultimo1\app\code\core\Mage\Core\Model\App.php(1358): VES_VendorsCredit_Model_Observer->sales_order_invoice_save_after(Object(Varien_Event_Observer))
#14 D:\xampp\htdocs\ultimo1\app\code\core\Mage\Core\Model\App.php(1337): Mage_Core_Model_App->_callObserverMethod(Object(VES_VendorsCredit_Model_Observer), 'sales_order_inv...', Object(Varien_Event_Observer))
#15 D:\xampp\htdocs\ultimo1\app\Mage.php(448): Mage_Core_Model_App->dispatchEvent('sales_order_inv...', Array)
#16 D:\xampp\htdocs\ultimo1\app\code\core\Mage\Core\Model\Abstract.php(466): Mage::dispatchEvent('sales_order_inv...', Array)
#17 D:\xampp\htdocs\ultimo1\app\code\core\Mage\Sales\Model\Order\Invoice.php(996): Mage_Core_Model_Abstract->_afterSave()
#18 D:\xampp\htdocs\ultimo1\app\code\core\Mage\Core\Model\Abstract.php(319): Mage_Sales_Model_Order_Invoice->_afterSave()
#19 D:\xampp\htdocs\ultimo1\app\code\core\Mage\Core\Model\Resource\Transaction.php(151): Mage_Core_Model_Abstract->save()
#20 D:\xampp\htdocs\ultimo1\app\code\core\Mage\Adminhtml\controllers\Sales\Order\InvoiceController.php(272): Mage_Core_Model_Resource_Transaction->save()
#21 D:\xampp\htdocs\ultimo1\app\code\core\Mage\Core\Controller\Varien\Action.php(418): Mage_Adminhtml_Sales_Order_InvoiceController->saveAction()
#22 D:\xampp\htdocs\ultimo1\app\code\core\Mage\Core\Controller\Varien\Router\Standard.php(254): Mage_Core_Controller_Varien_Action->dispatch('save')
#23 D:\xampp\htdocs\ultimo1\app\code\core\Mage\Core\Controller\Varien\Front.php(172): Mage_Core_Controller_Varien_Router_Standard->match(Object(Mage_Core_Controller_Request_Http))
#24 D:\xampp\htdocs\ultimo1\app\code\core\Mage\Core\Model\App.php(365): Mage_Core_Controller_Varien_Front->dispatch()
#25 D:\xampp\htdocs\ultimo1\app\Mage.php(683): Mage_Core_Model_App->run(Array)
#26 D:\xampp\htdocs\ultimo1\index.php(83): Mage::run('', 'store')
#27 {main}
2018-03-12T05:46:34+00:00 ERR (3): 
Zend_Mail_Transport_Exception: Unable to send mail. mail(): Failed to connect to mailserver at &quot;localhost&quot; port 25, verify your &quot;SMTP&quot; and &quot;smtp_port&quot; setting in php.ini or use ini_set() in D:\xampp\htdocs\ultimo1\lib\Zend\Mail\Transport\Sendmail.php:142
Stack trace:
#0 D:\xampp\htdocs\ultimo1\lib\Zend\Mail\Transport\Abstract.php(348): Zend_Mail_Transport_Sendmail->_sendMail()
#1 D:\xampp\htdocs\ultimo1\lib\Zend\Mail.php(1194): Zend_Mail_Transport_Abstract->send(Object(Zend_Mail))
#2 D:\xampp\htdocs\ultimo1\app\code\core\Mage\Core\Model\Email\Template.php(452): Zend_Mail->send()
#3 D:\xampp\htdocs\ultimo1\app\code\core\Mage\Core\Model\Email\Template.php(509): Mage_Core_Model_Email_Template->send('test@test.com', Array, Array)
#4 D:\xampp\htdocs\ultimo1\app\code\core\Mage\Core\Model\Email\Template\Mailer.php(83): Mage_Core_Model_Email_Template->sendTransactional('customer_create...', 'general', Array, Array, Array, '1')
#5 D:\xampp\htdocs\ultimo1\app\code\core\Mage\Customer\Model\Customer.php(714): Mage_Core_Model_Email_Template_Mailer->send()
#6 D:\xampp\htdocs\ultimo1\app\code\core\Mage\Customer\Model\Customer.php(619): Mage_Customer_Model_Customer->_sendEmailTemplate('customer/create...', 'customer/create...', Array, '1')
#7 D:\xampp\htdocs\ultimo1\app\code\core\Mage\Checkout\Model\Type\Onepage.php(786): Mage_Customer_Model_Customer->sendNewAccountEmail('registered', '', '1')
#8 D:\xampp\htdocs\ultimo1\app\code\local\VES\VendorsCheckout\Model\Checkout\Type\Onepage.php(472): Mage_Checkout_Model_Type_Onepage->_involveNewCustomer()
#9 D:\xampp\htdocs\ultimo1\app\code\core\Mage\Checkout\controllers\OnepageController.php(578): VES_VendorsCheckout_Model_Checkout_Type_Onepage->saveOrder()
#10 D:\xampp\htdocs\ultimo1\app\code\core\Mage\Core\Controller\Varien\Action.php(418): Mage_Checkout_OnepageController->saveOrderAction()
#11 D:\xampp\htdocs\ultimo1\app\code\core\Mage\Core\Controller\Varien\Router\Standard.php(254): Mage_Core_Controller_Varien_Action->dispatch('saveOrder')
#12 D:\xampp\htdocs\ultimo1\app\code\core\Mage\Core\Controller\Varien\Front.php(172): Mage_Core_Controller_Varien_Router_Standard->match(Object(Mage_Core_Controller_Request_Http))
#13 D:\xampp\htdocs\ultimo1\app\code\core\Mage\Core\Model\App.php(365): Mage_Core_Controller_Varien_Front->dispatch()
#14 D:\xampp\htdocs\ultimo1\app\Mage.php(683): Mage_Core_Model_App->run(Array)
#15 D:\xampp\htdocs\ultimo1\index.php(83): Mage::run('', 'store')
#16 {main}
2018-03-12T05:46:42+00:00 ERR (3): 
Zend_Mail_Transport_Exception: Unable to send mail. mail(): Failed to connect to mailserver at &quot;localhost&quot; port 25, verify your &quot;SMTP&quot; and &quot;smtp_port&quot; setting in php.ini or use ini_set() in D:\xampp\htdocs\ultimo1\lib\Zend\Mail\Transport\Sendmail.php:142
Stack trace:
#0 D:\xampp\htdocs\ultimo1\lib\Zend\Mail\Transport\Abstract.php(348): Zend_Mail_Transport_Sendmail->_sendMail()
#1 D:\xampp\htdocs\ultimo1\lib\Zend\Mail.php(1194): Zend_Mail_Transport_Abstract->send(Object(Zend_Mail))
#2 D:\xampp\htdocs\ultimo1\app\code\core\Mage\Core\Model\Email\Template.php(452): Zend_Mail->send()
#3 D:\xampp\htdocs\ultimo1\app\code\core\Mage\Core\Model\Email\Template.php(509): Mage_Core_Model_Email_Template->send('teddy@gzeh.com', Array, Array)
#4 D:\xampp\htdocs\ultimo1\app\code\core\Mage\Core\Model\Email\Template\Mailer.php(83): Mage_Core_Model_Email_Template->sendTransactional('vendors_sales_o...', 'general', Array, Array, Array, NULL)
#5 D:\xampp\htdocs\ultimo1\app\code\local\VES\VendorsSales\Helper\Data.php(139): Mage_Core_Model_Email_Template_Mailer->send()
#6 D:\xampp\htdocs\ultimo1\app\code\local\VES\VendorsSales\Helper\Data.php(76): VES_VendorsSales_Helper_Data->_sendEmailTemplate('vendors/sales/o...', 'vendors/sales/e...', Array, NULL, Object(VES_Vendors_Model_Vendor))
#7 D:\xampp\htdocs\ultimo1\app\code\local\VES\VendorsSales\Model\Observer.php(16): VES_VendorsSales_Helper_Data->sendNewOrderEmail(Object(Mage_Sales_Model_Order))
#8 D:\xampp\htdocs\ultimo1\app\code\core\Mage\Core\Model\App.php(1358): VES_VendorsSales_Model_Observer->checkout_submit_all_after(Object(Varien_Event_Observer))
#9 D:\xampp\htdocs\ultimo1\app\code\core\Mage\Core\Model\App.php(1337): Mage_Core_Model_App->_callObserverMethod(Object(VES_VendorsSales_Model_Observer), 'checkout_submit...', Object(Varien_Event_Observer))
#10 D:\xampp\htdocs\ultimo1\app\Mage.php(448): Mage_Core_Model_App->dispatchEvent('checkout_submit...', Array)
#11 D:\xampp\htdocs\ultimo1\app\code\local\VES\VendorsCheckout\Model\Checkout\Type\Onepage.php(501): Mage::dispatchEvent('checkout_submit...', Array)
#12 D:\xampp\htdocs\ultimo1\app\code\core\Mage\Checkout\controllers\OnepageController.php(578): VES_VendorsCheckout_Model_Checkout_Type_Onepage->saveOrder()
#13 D:\xampp\htdocs\ultimo1\app\code\core\Mage\Core\Controller\Varien\Action.php(418): Mage_Checkout_OnepageController->saveOrderAction()
#14 D:\xampp\htdocs\ultimo1\app\code\core\Mage\Core\Controller\Varien\Router\Standard.php(254): Mage_Core_Controller_Varien_Action->dispatch('saveOrder')
#15 D:\xampp\htdocs\ultimo1\app\code\core\Mage\Core\Controller\Varien\Front.php(172): Mage_Core_Controller_Varien_Router_Standard->match(Object(Mage_Core_Controller_Request_Http))
#16 D:\xampp\htdocs\ultimo1\app\code\core\Mage\Core\Model\App.php(365): Mage_Core_Controller_Varien_Front->dispatch()
#17 D:\xampp\htdocs\ultimo1\app\Mage.php(683): Mage_Core_Model_App->run(Array)
#18 D:\xampp\htdocs\ultimo1\index.php(83): Mage::run('', 'store')
#19 {main}
2018-03-12T06:00:15+00:00 ERR (3): 
Zend_Mail_Transport_Exception: Unable to send mail. mail(): Failed to connect to mailserver at &quot;localhost&quot; port 25, verify your &quot;SMTP&quot; and &quot;smtp_port&quot; setting in php.ini or use ini_set() in D:\xampp\htdocs\ultimo1\lib\Zend\Mail\Transport\Sendmail.php:142
Stack trace:
#0 D:\xampp\htdocs\ultimo1\lib\Zend\Mail\Transport\Abstract.php(348): Zend_Mail_Transport_Sendmail->_sendMail()
#1 D:\xampp\htdocs\ultimo1\lib\Zend\Mail.php(1194): Zend_Mail_Transport_Abstract->send(Object(Zend_Mail))
#2 D:\xampp\htdocs\ultimo1\app\code\core\Mage\Core\Model\Email\Template.php(452): Zend_Mail->send()
#3 D:\xampp\htdocs\ultimo1\app\code\core\Mage\Core\Model\Email\Template.php(509): Mage_Core_Model_Email_Template->send('teddy@gzeh.com', Array, Array)
#4 D:\xampp\htdocs\ultimo1\app\code\core\Mage\Core\Model\Email\Template\Mailer.php(83): Mage_Core_Model_Email_Template->sendTransactional('vendors_credit_...', 'general', Array, Array, Array, NULL)
#5 D:\xampp\htdocs\ultimo1\app\code\local\VES\VendorsCredit\Helper\Data.php(172): Mage_Core_Model_Email_Template_Mailer->send()
#6 D:\xampp\htdocs\ultimo1\app\code\local\VES\VendorsCredit\Helper\Data.php(147): VES_VendorsCredit_Helper_Data->_sendEmailTemplate('vendors/credit/...', 'vendors/credit/...', Array, NULL, Object(VES_Vendors_Model_Vendor))
#7 D:\xampp\htdocs\ultimo1\app\code\local\VES\VendorsCredit\Model\Escrow.php(39): VES_VendorsCredit_Helper_Data->sendEscrowNotificationEmail(Object(VES_VendorsCredit_Model_Escrow))
#8 D:\xampp\htdocs\ultimo1\app\code\core\Mage\Core\Model\Abstract.php(319): VES_VendorsCredit_Model_Escrow->_afterSave()
#9 D:\xampp\htdocs\ultimo1\app\code\local\VES\VendorsCredit\Model\Observer.php(200): Mage_Core_Model_Abstract->save()
#10 D:\xampp\htdocs\ultimo1\app\code\core\Mage\Core\Model\App.php(1358): VES_VendorsCredit_Model_Observer->sales_order_invoice_save_after(Object(Varien_Event_Observer))
#11 D:\xampp\htdocs\ultimo1\app\code\core\Mage\Core\Model\App.php(1337): Mage_Core_Model_App->_callObserverMethod(Object(VES_VendorsCredit_Model_Observer), 'sales_order_inv...', Object(Varien_Event_Observer))
#12 D:\xampp\htdocs\ultimo1\app\Mage.php(448): Mage_Core_Model_App->dispatchEvent('sales_order_inv...', Array)
#13 D:\xampp\htdocs\ultimo1\app\code\core\Mage\Core\Model\Abstract.php(466): Mage::dispatchEvent('sales_order_inv...', Array)
#14 D:\xampp\htdocs\ultimo1\app\code\core\Mage\Sales\Model\Order\Invoice.php(996): Mage_Core_Model_Abstract->_afterSave()
#15 D:\xampp\htdocs\ultimo1\app\code\core\Mage\Core\Model\Abstract.php(319): Mage_Sales_Model_Order_Invoice->_afterSave()
#16 D:\xampp\htdocs\ultimo1\app\code\core\Mage\Core\Model\Resource\Transaction.php(151): Mage_Core_Model_Abstract->save()
#17 D:\xampp\htdocs\ultimo1\app\code\local\VES\VendorsSales\controllers\Sales\Order\InvoiceController.php(265): Mage_Core_Model_Resource_Transaction->save()
#18 D:\xampp\htdocs\ultimo1\app\code\core\Mage\Core\Controller\Varien\Action.php(418): VES_VendorsSales_Sales_Order_InvoiceController->saveAction()
#19 D:\xampp\htdocs\ultimo1\app\code\core\Mage\Core\Controller\Varien\Router\Standard.php(254): Mage_Core_Controller_Varien_Action->dispatch('save')
#20 D:\xampp\htdocs\ultimo1\app\code\core\Mage\Core\Controller\Varien\Front.php(172): Mage_Core_Controller_Varien_Router_Standard->match(Object(Mage_Core_Controller_Request_Http))
#21 D:\xampp\htdocs\ultimo1\app\code\core\Mage\Core\Model\App.php(365): Mage_Core_Controller_Varien_Front->dispatch()
#22 D:\xampp\htdocs\ultimo1\app\Mage.php(683): Mage_Core_Model_App->run(Array)
#23 D:\xampp\htdocs\ultimo1\index.php(83): Mage::run('', 'store')
#24 {main}
2018-03-12T06:24:55+00:00 ERR (3): 
Zend_Mail_Transport_Exception: Unable to send mail. mail(): Failed to connect to mailserver at &quot;localhost&quot; port 25, verify your &quot;SMTP&quot; and &quot;smtp_port&quot; setting in php.ini or use ini_set() in D:\xampp\htdocs\ultimo1\lib\Zend\Mail\Transport\Sendmail.php:142
Stack trace:
#0 D:\xampp\htdocs\ultimo1\lib\Zend\Mail\Transport\Abstract.php(348): Zend_Mail_Transport_Sendmail->_sendMail()
#1 D:\xampp\htdocs\ultimo1\lib\Zend\Mail.php(1194): Zend_Mail_Transport_Abstract->send(Object(Zend_Mail))
#2 D:\xampp\htdocs\ultimo1\app\code\core\Mage\Core\Model\Email\Template.php(452): Zend_Mail->send()
#3 D:\xampp\htdocs\ultimo1\app\code\core\Mage\Core\Model\Email\Template.php(509): Mage_Core_Model_Email_Template->send('teddy@gzeh.com', Array, Array)
#4 D:\xampp\htdocs\ultimo1\app\code\core\Mage\Core\Model\Email\Template\Mailer.php(83): Mage_Core_Model_Email_Template->sendTransactional('vendors_message...', 'general', Array, Array, Array, NULL)
#5 D:\xampp\htdocs\ultimo1\app\code\local\VES\VendorsMessage\Model\Message.php(183): Mage_Core_Model_Email_Template_Mailer->send()
#6 D:\xampp\htdocs\ultimo1\app\code\local\VES\VendorsMessage\Model\Message.php(84): VES_VendorsMessage_Model_Message->sendNotificationEmail()
#7 D:\xampp\htdocs\ultimo1\app\code\local\VES\VendorsMessage\controllers\Adminhtml\Vendors\MessageController.php(118): VES_VendorsMessage_Model_Message->sendNewMessage(Array, Object(VES_VendorsMessage_Model_Msgbox), 'vendor', Object(VES_VendorsMessage_Model_Msgbox))
#8 D:\xampp\htdocs\ultimo1\app\code\core\Mage\Core\Controller\Varien\Action.php(418): VES_VendorsMessage_Adminhtml_Vendors_MessageController->saveAction()
#9 D:\xampp\htdocs\ultimo1\app\code\core\Mage\Core\Controller\Varien\Router\Standard.php(254): Mage_Core_Controller_Varien_Action->dispatch('save')
#10 D:\xampp\htdocs\ultimo1\app\code\core\Mage\Core\Controller\Varien\Front.php(172): Mage_Core_Controller_Varien_Router_Standard->match(Object(Mage_Core_Controller_Request_Http))
#11 D:\xampp\htdocs\ultimo1\app\code\core\Mage\Core\Model\App.php(365): Mage_Core_Controller_Varien_Front->dispatch()
#12 D:\xampp\htdocs\ultimo1\app\Mage.php(683): Mage_Core_Model_App->run(Array)
#13 D:\xampp\htdocs\ultimo1\index.php(83): Mage::run('', 'store')
#14 {main}
2018-03-12T06:41:31+00:00 ERR (3): 
Zend_Mail_Transport_Exception: Unable to send mail. mail(): Failed to connect to mailserver at &quot;localhost&quot; port 25, verify your &quot;SMTP&quot; and &quot;smtp_port&quot; setting in php.ini or use ini_set() in D:\xampp\htdocs\ultimo1\lib\Zend\Mail\Transport\Sendmail.php:142
Stack trace:
#0 D:\xampp\htdocs\ultimo1\lib\Zend\Mail\Transport\Abstract.php(348): Zend_Mail_Transport_Sendmail->_sendMail()
#1 D:\xampp\htdocs\ultimo1\lib\Zend\Mail.php(1194): Zend_Mail_Transport_Abstract->send(Object(Zend_Mail))
#2 D:\xampp\htdocs\ultimo1\app\code\core\Mage\Core\Model\Email\Template.php(452): Zend_Mail->send()
#3 D:\xampp\htdocs\ultimo1\app\code\core\Mage\Core\Model\Email\Template.php(509): Mage_Core_Model_Email_Template->send('teddy@gzeh.com', Array, Array)
#4 D:\xampp\htdocs\ultimo1\app\code\core\Mage\Core\Model\Email\Template\Mailer.php(83): Mage_Core_Model_Email_Template->sendTransactional('vendors_sales_o...', 'general', Array, Array, Array, NULL)
#5 D:\xampp\htdocs\ultimo1\app\code\local\VES\VendorsSales\Helper\Data.php(139): Mage_Core_Model_Email_Template_Mailer->send()
#6 D:\xampp\htdocs\ultimo1\app\code\local\VES\VendorsSales\Helper\Data.php(76): VES_VendorsSales_Helper_Data->_sendEmailTemplate('vendors/sales/o...', 'vendors/sales/e...', Array, NULL, Object(VES_Vendors_Model_Vendor))
#7 D:\xampp\htdocs\ultimo1\app\code\local\VES\VendorsSales\Model\Observer.php(16): VES_VendorsSales_Helper_Data->sendNewOrderEmail(Object(Mage_Sales_Model_Order))
#8 D:\xampp\htdocs\ultimo1\app\code\core\Mage\Core\Model\App.php(1358): VES_VendorsSales_Model_Observer->checkout_submit_all_after(Object(Varien_Event_Observer))
#9 D:\xampp\htdocs\ultimo1\app\code\core\Mage\Core\Model\App.php(1337): Mage_Core_Model_App->_callObserverMethod(Object(VES_VendorsSales_Model_Observer), 'checkout_submit...', Object(Varien_Event_Observer))
#10 D:\xampp\htdocs\ultimo1\app\Mage.php(448): Mage_Core_Model_App->dispatchEvent('checkout_submit...', Array)
#11 D:\xampp\htdocs\ultimo1\app\code\local\VES\VendorsCheckout\Model\Checkout\Type\Onepage.php(501): Mage::dispatchEvent('checkout_submit...', Array)
#12 D:\xampp\htdocs\ultimo1\app\code\core\Mage\Checkout\controllers\OnepageController.php(578): VES_VendorsCheckout_Model_Checkout_Type_Onepage->saveOrder()
#13 D:\xampp\htdocs\ultimo1\app\code\core\Mage\Core\Controller\Varien\Action.php(418): Mage_Checkout_OnepageController->saveOrderAction()
#14 D:\xampp\htdocs\ultimo1\app\code\core\Mage\Core\Controller\Varien\Router\Standard.php(254): Mage_Core_Controller_Varien_Action->dispatch('saveOrder')
#15 D:\xampp\htdocs\ultimo1\app\code\core\Mage\Core\Controller\Varien\Front.php(172): Mage_Core_Controller_Varien_Router_Standard->match(Object(Mage_Core_Controller_Request_Http))
#16 D:\xampp\htdocs\ultimo1\app\code\core\Mage\Core\Model\App.php(365): Mage_Core_Controller_Varien_Front->dispatch()
#17 D:\xampp\htdocs\ultimo1\app\Mage.php(683): Mage_Core_Model_App->run(Array)
#18 D:\xampp\htdocs\ultimo1\index.php(83): Mage::run('', 'store')
#19 {main}
2018-03-12T07:53:34+00:00 ERR (3): 
Zend_Mail_Transport_Exception: Unable to send mail. mail(): Failed to connect to mailserver at &quot;localhost&quot; port 25, verify your &quot;SMTP&quot; and &quot;smtp_port&quot; setting in php.ini or use ini_set() in D:\xampp\htdocs\ultimo1\lib\Zend\Mail\Transport\Sendmail.php:142
Stack trace:
#0 D:\xampp\htdocs\ultimo1\lib\Zend\Mail\Transport\Abstract.php(348): Zend_Mail_Transport_Sendmail->_sendMail()
#1 D:\xampp\htdocs\ultimo1\lib\Zend\Mail.php(1194): Zend_Mail_Transport_Abstract->send(Object(Zend_Mail))
#2 D:\xampp\htdocs\ultimo1\app\code\core\Mage\Core\Model\Email\Template.php(452): Zend_Mail->send()
#3 D:\xampp\htdocs\ultimo1\app\code\core\Mage\Core\Model\Email\Template.php(509): Mage_Core_Model_Email_Template->send('teddy@gzeh.com', Array, Array)
#4 D:\xampp\htdocs\ultimo1\app\code\core\Mage\Core\Model\Email\Template\Mailer.php(83): Mage_Core_Model_Email_Template->sendTransactional('vendors_credit_...', 'general', Array, Array, Array, NULL)
#5 D:\xampp\htdocs\ultimo1\app\code\local\VES\VendorsCredit\Helper\Data.php(172): Mage_Core_Model_Email_Template_Mailer->send()
#6 D:\xampp\htdocs\ultimo1\app\code\local\VES\VendorsCredit\Helper\Data.php(147): VES_VendorsCredit_Helper_Data->_sendEmailTemplate('vendors/credit/...', 'vendors/credit/...', Array, NULL, Object(VES_Vendors_Model_Vendor))
#7 D:\xampp\htdocs\ultimo1\app\code\local\VES\VendorsCredit\Model\Escrow.php(39): VES_VendorsCredit_Helper_Data->sendEscrowNotificationEmail(Object(VES_VendorsCredit_Model_Escrow))
#8 D:\xampp\htdocs\ultimo1\app\code\core\Mage\Core\Model\Abstract.php(319): VES_VendorsCredit_Model_Escrow->_afterSave()
#9 D:\xampp\htdocs\ultimo1\app\code\local\VES\VendorsCredit\Model\Observer.php(200): Mage_Core_Model_Abstract->save()
#10 D:\xampp\htdocs\ultimo1\app\code\core\Mage\Core\Model\App.php(1358): VES_VendorsCredit_Model_Observer->sales_order_invoice_save_after(Object(Varien_Event_Observer))
#11 D:\xampp\htdocs\ultimo1\app\code\core\Mage\Core\Model\App.php(1337): Mage_Core_Model_App->_callObserverMethod(Object(VES_VendorsCredit_Model_Observer), 'sales_order_inv...', Object(Varien_Event_Observer))
#12 D:\xampp\htdocs\ultimo1\app\Mage.php(448): Mage_Core_Model_App->dispatchEvent('sales_order_inv...', Array)
#13 D:\xampp\htdocs\ultimo1\app\code\core\Mage\Core\Model\Abstract.php(466): Mage::dispatchEvent('sales_order_inv...', Array)
#14 D:\xampp\htdocs\ultimo1\app\code\core\Mage\Sales\Model\Order\Invoice.php(996): Mage_Core_Model_Abstract->_afterSave()
#15 D:\xampp\htdocs\ultimo1\app\code\core\Mage\Core\Model\Abstract.php(319): Mage_Sales_Model_Order_Invoice->_afterSave()
#16 D:\xampp\htdocs\ultimo1\app\code\core\Mage\Core\Model\Resource\Transaction.php(151): Mage_Core_Model_Abstract->save()
#17 D:\xampp\htdocs\ultimo1\app\code\local\VES\VendorsSales\controllers\Sales\Order\InvoiceController.php(265): Mage_Core_Model_Resource_Transaction->save()
#18 D:\xampp\htdocs\ultimo1\app\code\core\Mage\Core\Controller\Varien\Action.php(418): VES_VendorsSales_Sales_Order_InvoiceController->saveAction()
#19 D:\xampp\htdocs\ultimo1\app\code\core\Mage\Core\Controller\Varien\Router\Standard.php(254): Mage_Core_Controller_Varien_Action->dispatch('save')
#20 D:\xampp\htdocs\ultimo1\app\code\core\Mage\Core\Controller\Varien\Front.php(172): Mage_Core_Controller_Varien_Router_Standard->match(Object(Mage_Core_Controller_Request_Http))
#21 D:\xampp\htdocs\ultimo1\app\code\core\Mage\Core\Model\App.php(365): Mage_Core_Controller_Varien_Front->dispatch()
#22 D:\xampp\htdocs\ultimo1\app\Mage.php(683): Mage_Core_Model_App->run(Array)
#23 D:\xampp\htdocs\ultimo1\index.php(83): Mage::run('', 'store')
#24 {main}
